<?xml version="1.0" encoding="UTF-8"?>
<!-- Generated by org.testng.reporters.JUnitXMLReporter -->
<testsuite ignored="0" hostname="DESKTOP-AF33508" failures="0" tests="6" name="Default test" time="2.01" errors="0" timestamp="2022-08-22T19:49:37 IST">
  <testcase classname="com.orangehrm.testcases.Base_Class" name="@BeforeTest launch_Browser" time="-1.661177975018E9">
    <failure type="org.testng.TestNGException" message="
Parameter &amp;apos;Browser&amp;apos; is required by BeforeTest on method launch_Browser but has not been marked @Optional or defined
in C:\Users\Gowri\AppData\Local\Temp\testng-eclipse--174722328\testng-customsuite.xml">
      <![CDATA[org.testng.TestNGException: 
Parameter 'Browser' is required by BeforeTest on method launch_Browser but has not been marked @Optional or defined
in C:\Users\Gowri\AppData\Local\Temp\testng-eclipse--174722328\testng-customsuite.xml
at org.testng.internal.Parameters.createParams(Parameters.java:267)
at org.testng.internal.Parameters.createParametersForMethod(Parameters.java:355)
at org.testng.internal.Parameters.createParameters(Parameters.java:684)
at org.testng.internal.Parameters.createConfigurationParameters(Parameters.java:166)
at org.testng.internal.invokers.ConfigInvoker.invokeConfigurations(ConfigInvoker.java:277)
at org.testng.TestRunner.invokeTestConfigurations(TestRunner.java:643)
at org.testng.TestRunner.beforeRun(TestRunner.java:632)
at org.testng.TestRunner.run(TestRunner.java:594)
at org.testng.SuiteRunner.runTest(SuiteRunner.java:433)
at org.testng.SuiteRunner.runSequentially(SuiteRunner.java:427)
at org.testng.SuiteRunner.privateRun(SuiteRunner.java:387)
at org.testng.SuiteRunner.run(SuiteRunner.java:330)
at org.testng.SuiteRunnerWorker.runSuite(SuiteRunnerWorker.java:52)
at org.testng.SuiteRunnerWorker.run(SuiteRunnerWorker.java:95)
at org.testng.TestNG.runSuitesSequentially(TestNG.java:1256)
at org.testng.TestNG.runSuitesLocally(TestNG.java:1176)
at org.testng.TestNG.runSuites(TestNG.java:1099)
at org.testng.TestNG.run(TestNG.java:1067)
at org.testng.remote.AbstractRemoteTestNG.run(AbstractRemoteTestNG.java:115)
at org.testng.remote.RemoteTestNG.initAndRun(RemoteTestNG.java:251)
at org.testng.remote.RemoteTestNG.main(RemoteTestNG.java:77)
]]>
    </failure>
  </testcase> <!-- @BeforeTest launch_Browser -->
  <testcase classname="com.orangehrm.testcases.Base_Class" name="@AfterTest close_Browser" time="0.0">
    <skipped/>
  </testcase> <!-- @AfterTest close_Browser -->
  <testcase classname="com.orangehrm.testcases.LoginPage" name="login" time="0.0">
    <skipped/>
  </testcase> <!-- login -->
  <testcase classname="com.orangehrm.testcases.LoginPage" name="login" time="0.0">
    <skipped/>
  </testcase> <!-- login -->
  <testcase classname="com.orangehrm.testcases.LoginPage" name="login" time="0.0">
    <skipped/>
  </testcase> <!-- login -->
  <testcase classname="com.orangehrm.testcases.LoginPage" name="login" time="0.0">
    <skipped/>
  </testcase> <!-- login -->
  <testcase classname="com.orangehrm.testcases.LoginPage" name="login" time="0.001">
    <skipped/>
  </testcase> <!-- login -->
  <testcase classname="com.orangehrm.testcases.LoginPage" name="login" time="0.0">
    <skipped/>
  </testcase> <!-- login -->
</testsuite> <!-- Default test -->
